<?xml version="1.0" encoding="UTF-8"?>
<!-- Generated by org.testng.reporters.JUnitXMLReporter -->
<testsuite ignored="0" hostname="DESKTOP-DEE9V3N" failures="1" tests="1" name="TestFirefox" time="52.905" errors="0" timestamp="2024-03-20T14:26:54 IST">
  <testcase classname="io.cucumber.testng.AbstractTestNGCucumberTests" name="runScenario" time="37.643">
    <failure type="java.lang.StringIndexOutOfBoundsException" message="begin 2, end -1, length 104">
      <![CDATA[java.lang.StringIndexOutOfBoundsException: begin 2, end -1, length 104
at java.base/java.lang.String.checkBoundsBeginEnd(String.java:4602)
at java.base/java.lang.String.substring(String.java:2705)
at com.qa.Utils.OtpExtractor.extractOtpFromSmstome(OtpExtractor.java:40)
at com.Pages.PersonalVault_ShareUploadLink.extractOtpFromSmstome(PersonalVault_ShareUploadLink.java:83)
at parallel.PersonalVault_ShareUploadLinkSteps.user_navigates_to_smstome_website(PersonalVault_ShareUploadLinkSteps.java:26)
at ✽.User navigates to smstome website(file:///C:/Users/Ashok/eclipse-workspace/FamilyCentral_ProdCucumber/src/test/resources/features/PersonalVault_GeneralLegal.feature:17)
]]>
    </failure>
  </testcase> <!-- runScenario -->
</testsuite> <!-- TestFirefox -->
