<?xml version="1.0" encoding="UTF-8"?>
<!-- Generated by org.testng.reporters.JUnitXMLReporter -->
<testsuite ignored="0" hostname="DESKTOP-DEE9V3N" failures="1" tests="2" name="Test3" time="7.2" errors="0" timestamp="2024-03-20T14:53:24 IST">
  <testcase classname="io.cucumber.testng.AbstractTestNGCucumberTests" name="runScenario" time="0.0">
    <skipped/>
  </testcase> <!-- runScenario -->
  <testcase classname="testRunners.MyTestRunner" name="runCucumberTest" time="0.0">
    <failure type="org.testng.internal.reflect.MethodMatcherException" message="
[public void testRunners.MyTestRunner.runCucumberTest(int)] has no parameters defined but was found to be using a data provider (either explicitly specified or inherited from class level annotation).
Data provider mismatch
Method: runCucumberTest([int arg0])
Arguments: [(io.cucumber.testng.PickleWrapperImpl) &amp;quot;General Legal upload PNG file upload&amp;quot;,(io.cucumber.testng.FeatureWrapperImpl) &amp;quot;PersonalVault General Legal Information of Uploading Different file types&amp;quot;]">
      <![CDATA[org.testng.internal.reflect.MethodMatcherException: 
[public void testRunners.MyTestRunner.runCucumberTest(int)] has no parameters defined but was found to be using a data provider (either explicitly specified or inherited from class level annotation).
Data provider mismatch
Method: runCucumberTest([int arg0])
Arguments: [(io.cucumber.testng.PickleWrapperImpl) "General Legal upload PNG file upload",(io.cucumber.testng.FeatureWrapperImpl) "PersonalVault General Legal Information of Uploading Different file types"]
at java.base/java.util.ArrayList.forEach(ArrayList.java:1511)
at java.base/java.util.concurrent.FutureTask.run(FutureTask.java:264)
at java.base/java.util.concurrent.ThreadPoolExecutor.runWorker(ThreadPoolExecutor.java:1136)
at java.base/java.util.concurrent.ThreadPoolExecutor$Worker.run(ThreadPoolExecutor.java:635)
at java.base/java.lang.Thread.run(Thread.java:833)
... Removed 12 stack frames]]>
    </failure>
  </testcase> <!-- runCucumberTest -->
</testsuite> <!-- Test3 -->
