<?xml version="1.0" encoding="UTF-8"?>
<testsuite xmlns:xsi="http://www.w3.org/2001/XMLSchema-instance" xsi:noNamespaceSchemaLocation="https://maven.apache.org/surefire/maven-surefire-plugin/xsd/surefire-test-report-3.0.xsd" version="3.0" name="TestSuite" time="33.436" tests="1" errors="0" skipped="0" failures="0">
  <properties>
[...]
</properties>
  <testcase name="runScenario[&quot;User Creates Monthly Recurring Calendar Event with Reminder&quot;, &quot;Calendar Event Creation with Recurring and Reminder Options&quot;](1)" classname="testRunners.ParallelRunTest" time="27.083">
    <system-out><![CDATA[
@feature
Scenario: User Creates Monthly Recurring Calendar Event with Reminder &amp#27;[90m# src/test/resources/features/Calendar_NewEvent.feature:5&amp#27;[0m
browser value is :chrome
Login with: ashokmarch12@yopmail.com and Password@123
  &amp#27;[32mGiven &amp#27;[0m&amp#27;[32mUser is already logged in to application&amp#27;[0m                      &amp#27;[90m# parallel.AccountsPageSteps.user_is_already_logged_in_to_application(io.cucumber.datatable.DataTable)&amp#27;[0m
    | username                 | password     |
    | ashokmarch12@yopmail.com | Password@123 |
Feature: Calendar Event Creation with Recurring and Reminder Options
  &amp#27;[32mWhen &amp#27;[0m&amp#27;[32mthe user is on the Calendar page&amp#27;[0m                               &amp#27;[90m# parallel.Calendar_NewEventSteps.the_user_is_on_the_calendar_page()&amp#27;[0m
  &amp#27;[32mWhen &amp#27;[0m&amp#27;[32mthe user clicks on New Event&amp#27;[0m                                   &amp#27;[90m# parallel.Calendar_NewEventSteps.the_user_clicks_on_new_event()&amp#27;[0m
  &amp#27;[32mAnd &amp#27;[0m&amp#27;[32mUser enters &amp#27;[0m&amp#27;[32m&amp#27;[1m"Event001"&amp#27;[0m&amp#27;[32m into EventTitle&amp#27;[0m                          &amp#27;[90m# parallel.Calendar_NewEventSteps.user_enters_into_event_title(java.lang.String)&amp#27;[0m
Selected Day: 26
  &amp#27;[32mAnd &amp#27;[0m&amp#27;[32mselects the start date on the calendar&amp#27;[0m                          &amp#27;[90m# parallel.Calendar_NewEventSteps.selects_the_start_date_on_the_calendar()&amp#27;[0m
  &amp#27;[32mAnd &amp#27;[0m&amp#27;[32mUser sets the start time to &amp#27;[0m&amp#27;[32m&amp#27;[1m"01:00"&amp#27;[0m                             &amp#27;[90m# parallel.Calendar_NewEventSteps.user_sets_the_start_time_to(java.lang.String)&amp#27;[0m
  &amp#27;[32mAnd &amp#27;[0m&amp#27;[32mUser sets the end time to &amp#27;[0m&amp#27;[32m&amp#27;[1m"14:00"&amp#27;[0m                               &amp#27;[90m# parallel.Calendar_NewEventSteps.user_sets_the_end_time_to(java.lang.String)&amp#27;[0m
Selected Recurring Event: Monthly
Test Passed: Selected recurring event is Monthly.
  &amp#27;[32mAnd &amp#27;[0m&amp#27;[32mchooses to set a recurring event&amp#27;[0m                                &amp#27;[90m# parallel.Calendar_NewEventSteps.chooses_to_set_a_recurring_event()&amp#27;[0m
This option selected in the :RecurringEvnetDropDown
  &amp#27;[32mAnd &amp#27;[0m&amp#27;[32mUser sets the recurrence to Monthly&amp#27;[0m                             &amp#27;[90m# parallel.Calendar_NewEventSteps.user_sets_the_recurrence_to()&amp#27;[0m
Start date text is empty or null. Cannot parse to integer.
  &amp#27;[32mAnd &amp#27;[0m&amp#27;[32mselects the End date on the calendar&amp#27;[0m                            &amp#27;[90m# parallel.Calendar_NewEventSteps.selects_the_end_date_on_the_calendar()&amp#27;[0m
Selected Family Member: Ashok MarchTwelve
Test Passed: Selected Family Member is Ashok MarchTwelve.
  &amp#27;[32mAnd &amp#27;[0m&amp#27;[32massigns the event to family member&amp#27;[0m                              &amp#27;[90m# parallel.Calendar_NewEventSteps.assigns_the_event_to_family_member()&amp#27;[0m
Entered Description: C4PfrUmyTZJT4FW4mHIW
  &amp#27;[32mAnd &amp#27;[0m&amp#27;[32menters someText into the description&amp#27;[0m                            &amp#27;[90m# parallel.Calendar_NewEventSteps.enters_some_text_into_the_description()&amp#27;[0m
  &amp#27;[32mAnd &amp#27;[0m&amp#27;[32mclicks on save&amp#27;[0m                                                  &amp#27;[90m# parallel.Calendar_NewEventSteps.clicks_on_save()&amp#27;[0m
Success MEssage: [[ChromeDriver: chrome on windows (5c0ab68f18856c75f09c8589fe501e40)] -> xpath: //div[@aria-label='Your event has been created.']]
  &amp#27;[32mThen &amp#27;[0m&amp#27;[32mthe user should see the message &amp#27;[0m&amp#27;[32m&amp#27;[1m"Your event has been created"&amp#27;[0m  &amp#27;[90m# parallel.Calendar_NewEventSteps.the_user_should_see_the_message(java.lang.String)&amp#27;[0m
]]></system-out>
    <system-err><![CDATA[[main] WARN org.testng.internal.Configuration - Detected a static method [testRunners.ParallelRunTest.setUp()]. Static configuration methods can cause  unexpected behavior.
[main] WARN org.testng.internal.Configuration - Detected a static method [testRunners.ParallelRunTest.tearDown()]. Static configuration methods can cause  unexpected behavior.
Mar 25, 2024 9:56:40 AM org.openqa.selenium.devtools.CdpVersionFinder findNearestMatch
WARNING: Unable to find an exact match for CDP version 123, returning the closest version; found: 120; Please update to a Selenium version that supports CDP version 123
]]></system-err>
  </testcase>
</testsuite>