<?xml version="1.0" encoding="UTF-8"?>
<testng-results ignored="0" total="1" passed="1" failed="0" skipped="0">
  <reporter-output>
  </reporter-output>
  <suite started-at="2024-03-25T09:56:35 IST" name="Surefire suite" finished-at="2024-03-25T09:57:08 IST" duration-ms="32682">
    <groups>
      <group name="cucumber">
        <method signature="AbstractTestNGCucumberTests.runScenario(io.cucumber.testng.PickleWrapper,io.cucumber.testng.FeatureWrapper)[pri:0, instance:testRunners.ParallelRunTest@4f0f2942]" name="runScenario" class="io.cucumber.testng.AbstractTestNGCucumberTests"/>
      </group> <!-- cucumber -->
    </groups>
    <test started-at="2024-03-25T09:56:35 IST" name="Surefire test" finished-at="2024-03-25T09:57:08 IST" duration-ms="32682">
      <class name="testRunners.ParallelRunTest">
        <test-method is-config="true" signature="setUpClass(org.testng.ITestContext)[pri:0, instance:testRunners.ParallelRunTest@4f0f2942]" started-at="2024-03-25T09:56:35 IST" name="setUpClass" finished-at="2024-03-25T09:56:37 IST" duration-ms="1092" status="PASS">
          <params>
            <param index="0">
              <value>
                <![CDATA[org.testng.TestRunner@59d4cd39]]>
              </value>
            </param>
          </params>
          <reporter-output>
          </reporter-output>
        </test-method> <!-- setUpClass -->
        <test-method is-config="true" signature="setUp()[pri:0, instance:testRunners.ParallelRunTest@4f0f2942]" started-at="2024-03-25T09:56:37 IST" name="setUp" finished-at="2024-03-25T09:56:37 IST" duration-ms="5" status="PASS">
          <reporter-output>
          </reporter-output>
        </test-method> <!-- setUp -->
        <test-method signature="runScenario(io.cucumber.testng.PickleWrapper,io.cucumber.testng.FeatureWrapper)[pri:0, instance:testRunners.ParallelRunTest@4f0f2942]" started-at="2024-03-25T09:56:37 IST" name="runScenario" description="Runs Cucumber Scenarios" data-provider="scenarios" finished-at="2024-03-25T09:57:04 IST" duration-ms="27079" status="PASS">
          <params>
            <param index="0">
              <value>
                <![CDATA["User Creates Monthly Recurring Calendar Event with Reminder"]]>
              </value>
            </param>
            <param index="1">
              <value>
                <![CDATA["Calendar Event Creation with Recurring and Reminder Options"]]>
              </value>
            </param>
          </params>
          <reporter-output>
          </reporter-output>
        </test-method> <!-- runScenario -->
        <test-method is-config="true" signature="tearDown()[pri:0, instance:testRunners.ParallelRunTest@4f0f2942]" started-at="2024-03-25T09:57:04 IST" name="tearDown" finished-at="2024-03-25T09:57:04 IST" duration-ms="1" status="PASS">
          <reporter-output>
          </reporter-output>
        </test-method> <!-- tearDown -->
        <test-method is-config="true" signature="tearDownClass()[pri:0, instance:testRunners.ParallelRunTest@4f0f2942]" started-at="2024-03-25T09:57:04 IST" name="tearDownClass" finished-at="2024-03-25T09:57:08 IST" duration-ms="4421" status="PASS">
          <reporter-output>
          </reporter-output>
        </test-method> <!-- tearDownClass -->
      </class> <!-- testRunners.ParallelRunTest -->
    </test> <!-- Surefire test -->
  </suite> <!-- Surefire suite -->
</testng-results>
