<?xml version="1.0" encoding="UTF-8"?>
<testng-results ignored="0" total="1" passed="1" failed="0" skipped="0">
  <reporter-output>
  </reporter-output>
  <suite started-at="2024-03-27T14:06:01 IST" name="Suite" finished-at="2024-03-27T14:06:27 IST" duration-ms="25450">
    <groups>
      <group name="cucumber">
        <method signature="AbstractTestNGCucumberTests.runScenario(io.cucumber.testng.PickleWrapper,io.cucumber.testng.FeatureWrapper)[pri:0, instance:testRunners.ParallelRunTest@302c971f]" name="runScenario" class="io.cucumber.testng.AbstractTestNGCucumberTests"/>
      </group> <!-- cucumber -->
    </groups>
    <test started-at="2024-03-27T14:06:01 IST" name="ChromeTest" finished-at="2024-03-27T14:06:27 IST" duration-ms="25450">
      <class name="testRunners.ParallelRunTest">
        <test-method is-config="true" signature="setUpClass(org.testng.ITestContext)[pri:0, instance:testRunners.ParallelRunTest@302c971f]" started-at="2024-03-27T14:06:02 IST" name="setUpClass" finished-at="2024-03-27T14:06:02 IST" duration-ms="684" status="PASS">
          <params>
            <param index="0">
              <value>
                <![CDATA[org.testng.TestRunner@1a5b6f42]]>
              </value>
            </param>
          </params>
          <reporter-output>
          </reporter-output>
        </test-method> <!-- setUpClass -->
        <test-method is-config="true" signature="setUp(java.lang.String)[pri:0, instance:testRunners.ParallelRunTest@302c971f]" started-at="2024-03-27T14:06:02 IST" name="setUp" finished-at="2024-03-27T14:06:04 IST" duration-ms="1481" status="PASS">
          <params>
            <param index="0">
              <value>
                <![CDATA[chrome]]>
              </value>
            </param>
          </params>
          <reporter-output>
          </reporter-output>
        </test-method> <!-- setUp -->
        <test-method signature="runScenario(io.cucumber.testng.PickleWrapper,io.cucumber.testng.FeatureWrapper)[pri:0, instance:testRunners.ParallelRunTest@302c971f]" started-at="2024-03-27T14:06:04 IST" name="runScenario" description="Runs Cucumber Scenarios" data-provider="scenarios" finished-at="2024-03-27T14:06:24 IST" duration-ms="19965" status="PASS">
          <params>
            <param index="0">
              <value>
                <![CDATA["User Creates Monthly Recurring Calendar Event with Reminder"]]>
              </value>
            </param>
            <param index="1">
              <value>
                <![CDATA["Calendar Event Creation with Recurring and Reminder Options"]]>
              </value>
            </param>
          </params>
          <reporter-output>
          </reporter-output>
        </test-method> <!-- runScenario -->
        <test-method is-config="true" signature="tearDown()[pri:0, instance:testRunners.ParallelRunTest@302c971f]" started-at="2024-03-27T14:06:24 IST" name="tearDown" finished-at="2024-03-27T14:06:24 IST" duration-ms="0" status="PASS">
          <reporter-output>
          </reporter-output>
        </test-method> <!-- tearDown -->
        <test-method is-config="true" signature="tearDownClass()[pri:0, instance:testRunners.ParallelRunTest@302c971f]" started-at="2024-03-27T14:06:24 IST" name="tearDownClass" finished-at="2024-03-27T14:06:27 IST" duration-ms="3278" status="PASS">
          <reporter-output>
          </reporter-output>
        </test-method> <!-- tearDownClass -->
      </class> <!-- testRunners.ParallelRunTest -->
    </test> <!-- ChromeTest -->
  </suite> <!-- Suite -->
</testng-results>
